<?xml version="1.0" encoding="UTF-8"?>
<!-- Generated by org.testng.reporters.JUnitXMLReporter -->
<testsuite ignored="0" hostname="DESKTOP-8G7EKM6" failures="0" tests="4" name="Test" time="183.003" errors="0" timestamp="2024-08-03T12:12:31 IST">
  <testcase classname="test.TC005_CheckIn" name="CheckInTest" time="11.178"/>
  <testcase classname="test.TC005_CheckIn" name="CheckInTest" time="12.061"/>
  <testcase classname="test.TC005_CheckIn" name="CheckInTest" time="11.259"/>
  <testcase classname="test.TC005_CheckIn" name="CheckInTest" time="11.734"/>
</testsuite> <!-- Test -->
