<?xml version="1.0" encoding="UTF-8"?>
<testng-results ignored="0" total="3" passed="3" failed="0" skipped="0">
  <reporter-output>
  </reporter-output>
  <suite started-at="2024-08-03T22:58:02 IST" name="Suite" finished-at="2024-08-03T23:00:16 IST" duration-ms="134366">
    <groups>
    </groups>
    <test started-at="2024-08-03T22:58:02 IST" name="Test" finished-at="2024-08-03T23:00:16 IST" duration-ms="134366">
      <class name="test.TC007_ManageBookings">
        <test-method is-config="true" signature="setUp()[pri:0, instance:test.TC007_ManageBookings@72d6b3ba]" started-at="2024-08-03T22:58:02 IST" name="setUp" finished-at="2024-08-03T22:58:02 IST" duration-ms="59" status="PASS">
          <reporter-output>
          </reporter-output>
        </test-method> <!-- setUp -->
        <test-method is-config="true" signature="LaunchBrowser(java.lang.String,java.lang.String)[pri:0, instance:test.TC007_ManageBookings@72d6b3ba]" started-at="2024-08-03T22:58:05 IST" name="LaunchBrowser" finished-at="2024-08-03T22:58:25 IST" duration-ms="20422" status="PASS">
          <params>
            <param index="0">
              <value>
                <![CDATA[Chrome]]>
              </value>
            </param>
            <param index="1">
              <value>
                <![CDATA[https://www.spicejet.com/]]>
              </value>
            </param>
          </params>
          <reporter-output>
          </reporter-output>
        </test-method> <!-- LaunchBrowser -->
        <test-method signature="AddToItenaryTest(java.lang.String,java.lang.String,java.lang.String)[pri:0, instance:test.TC007_ManageBookings@72d6b3ba]" started-at="2024-08-03T22:58:25 IST" name="AddToItenaryTest" data-provider="DataSpiceJet" finished-at="2024-08-03T22:58:42 IST" duration-ms="17155" status="PASS">
          <params>
            <param index="0">
              <value>
                <![CDATA[9042281169]]>
              </value>
            </param>
            <param index="1">
              <value>
                <![CDATA[Nethaji@28]]>
              </value>
            </param>
            <param index="2">
              <value>
                <![CDATA[valid]]>
              </value>
            </param>
          </params>
          <reporter-output>
          </reporter-output>
        </test-method> <!-- AddToItenaryTest -->
        <test-method is-config="true" signature="LaunchBrowser(java.lang.String,java.lang.String)[pri:0, instance:test.TC007_ManageBookings@72d6b3ba]" started-at="2024-08-03T22:58:43 IST" name="LaunchBrowser" finished-at="2024-08-03T22:59:11 IST" duration-ms="28009" status="PASS">
          <params>
            <param index="0">
              <value>
                <![CDATA[Chrome]]>
              </value>
            </param>
            <param index="1">
              <value>
                <![CDATA[https://www.spicejet.com/]]>
              </value>
            </param>
          </params>
          <reporter-output>
          </reporter-output>
        </test-method> <!-- LaunchBrowser -->
        <test-method signature="ManageBookingsTest(java.lang.String,java.lang.String,java.lang.String)[pri:0, instance:test.TC007_ManageBookings@72d6b3ba]" started-at="2024-08-03T22:59:11 IST" name="ManageBookingsTest" data-provider="DataSpiceJet" finished-at="2024-08-03T22:59:23 IST" duration-ms="12559" status="PASS">
          <params>
            <param index="0">
              <value>
                <![CDATA[9042281169]]>
              </value>
            </param>
            <param index="1">
              <value>
                <![CDATA[Nethaji@28]]>
              </value>
            </param>
            <param index="2">
              <value>
                <![CDATA[valid]]>
              </value>
            </param>
          </params>
          <reporter-output>
          </reporter-output>
        </test-method> <!-- ManageBookingsTest -->
        <test-method is-config="true" signature="LaunchBrowser(java.lang.String,java.lang.String)[pri:0, instance:test.TC007_ManageBookings@72d6b3ba]" started-at="2024-08-03T22:59:25 IST" name="LaunchBrowser" finished-at="2024-08-03T22:59:54 IST" duration-ms="28955" status="PASS">
          <params>
            <param index="0">
              <value>
                <![CDATA[Chrome]]>
              </value>
            </param>
            <param index="1">
              <value>
                <![CDATA[https://www.spicejet.com/]]>
              </value>
            </param>
          </params>
          <reporter-output>
          </reporter-output>
        </test-method> <!-- LaunchBrowser -->
        <test-method signature="ViewChangeAssistTest(java.lang.String,java.lang.String,java.lang.String)[pri:0, instance:test.TC007_ManageBookings@72d6b3ba]" started-at="2024-08-03T22:59:54 IST" name="ViewChangeAssistTest" data-provider="DataSpiceJet" finished-at="2024-08-03T23:00:16 IST" duration-ms="22275" status="PASS">
          <params>
            <param index="0">
              <value>
                <![CDATA[9042281169]]>
              </value>
            </param>
            <param index="1">
              <value>
                <![CDATA[Nethaji@28]]>
              </value>
            </param>
            <param index="2">
              <value>
                <![CDATA[valid]]>
              </value>
            </param>
          </params>
          <reporter-output>
          </reporter-output>
        </test-method> <!-- ViewChangeAssistTest -->
      </class> <!-- test.TC007_ManageBookings -->
    </test> <!-- Test -->
  </suite> <!-- Suite -->
</testng-results>
