<?xml version="1.0" encoding="UTF-8"?>
<testng-results ignored="0" total="4" passed="4" failed="0" skipped="0">
  <reporter-output>
  </reporter-output>
  <suite started-at="2024-08-03T12:09:28 IST" name="Suite" finished-at="2024-08-03T12:12:31 IST" duration-ms="183003">
    <groups>
    </groups>
    <test started-at="2024-08-03T12:09:28 IST" name="Test" finished-at="2024-08-03T12:12:31 IST" duration-ms="183003">
      <class name="test.TC005_CheckIn">
        <test-method is-config="true" signature="setUp()[pri:0, instance:test.TC005_CheckIn@d35dea7]" started-at="2024-08-03T12:09:28 IST" name="setUp" finished-at="2024-08-03T12:09:28 IST" duration-ms="19" status="PASS">
          <reporter-output>
          </reporter-output>
        </test-method> <!-- setUp -->
        <test-method is-config="true" signature="LaunchBrowser(java.lang.String,java.lang.String)[pri:0, instance:test.TC005_CheckIn@d35dea7]" started-at="2024-08-03T12:09:30 IST" name="LaunchBrowser" finished-at="2024-08-03T12:09:55 IST" duration-ms="24246" status="PASS">
          <params>
            <param index="0">
              <value>
                <![CDATA[Chrome]]>
              </value>
            </param>
            <param index="1">
              <value>
                <![CDATA[https://www.spicejet.com/]]>
              </value>
            </param>
          </params>
          <reporter-output>
          </reporter-output>
        </test-method> <!-- LaunchBrowser -->
        <test-method signature="CheckInTest(java.lang.String,java.lang.String,java.lang.String,java.lang.String,java.lang.String,java.lang.String)[pri:0, instance:test.TC005_CheckIn@d35dea7]" started-at="2024-08-03T12:09:55 IST" name="CheckInTest" data-provider="DataSpiceJet" finished-at="2024-08-03T12:10:06 IST" duration-ms="11178" status="PASS">
          <params>
            <param index="0">
              <value>
                <![CDATA[9042281169]]>
              </value>
            </param>
            <param index="1">
              <value>
                <![CDATA[Nethaji@28]]>
              </value>
            </param>
            <param index="2">
              <value>
                <![CDATA[valid]]>
              </value>
            </param>
            <param index="3">
              <value>
                <![CDATA[W3A4AD]]>
              </value>
            </param>
            <param index="4">
              <value>
                <![CDATA[supriyapalani28@gmail.com]]>
              </value>
            </param>
            <param index="5">
              <value>
                <![CDATA[valid]]>
              </value>
            </param>
          </params>
          <reporter-output>
          </reporter-output>
        </test-method> <!-- CheckInTest -->
        <test-method is-config="true" signature="LaunchBrowser(java.lang.String,java.lang.String)[pri:0, instance:test.TC005_CheckIn@d35dea7]" started-at="2024-08-03T12:10:06 IST" name="LaunchBrowser" finished-at="2024-08-03T12:10:34 IST" duration-ms="27694" status="PASS">
          <params>
            <param index="0">
              <value>
                <![CDATA[Chrome]]>
              </value>
            </param>
            <param index="1">
              <value>
                <![CDATA[https://www.spicejet.com/]]>
              </value>
            </param>
          </params>
          <reporter-output>
          </reporter-output>
        </test-method> <!-- LaunchBrowser -->
        <test-method signature="CheckInTest(java.lang.String,java.lang.String,java.lang.String,java.lang.String,java.lang.String,java.lang.String)[pri:0, instance:test.TC005_CheckIn@d35dea7]" started-at="2024-08-03T12:10:34 IST" name="CheckInTest" data-provider="DataSpiceJet" finished-at="2024-08-03T12:10:46 IST" duration-ms="12061" status="PASS">
          <params>
            <param index="0">
              <value>
                <![CDATA[9042281169]]>
              </value>
            </param>
            <param index="1">
              <value>
                <![CDATA[Nethaji@28]]>
              </value>
            </param>
            <param index="2">
              <value>
                <![CDATA[valid]]>
              </value>
            </param>
            <param index="3">
              <value>
                <![CDATA[]]>
              </value>
            </param>
            <param index="4">
              <value>
                <![CDATA[supriyapalani28@gmail.com]]>
              </value>
            </param>
            <param index="5">
              <value>
                <![CDATA[BlankTicket]]>
              </value>
            </param>
          </params>
          <reporter-output>
          </reporter-output>
        </test-method> <!-- CheckInTest -->
        <test-method is-config="true" signature="LaunchBrowser(java.lang.String,java.lang.String)[pri:0, instance:test.TC005_CheckIn@d35dea7]" started-at="2024-08-03T12:10:46 IST" name="LaunchBrowser" finished-at="2024-08-03T12:11:41 IST" duration-ms="55807" status="PASS">
          <params>
            <param index="0">
              <value>
                <![CDATA[Chrome]]>
              </value>
            </param>
            <param index="1">
              <value>
                <![CDATA[https://www.spicejet.com/]]>
              </value>
            </param>
          </params>
          <reporter-output>
          </reporter-output>
        </test-method> <!-- LaunchBrowser -->
        <test-method signature="CheckInTest(java.lang.String,java.lang.String,java.lang.String,java.lang.String,java.lang.String,java.lang.String)[pri:0, instance:test.TC005_CheckIn@d35dea7]" started-at="2024-08-03T12:11:41 IST" name="CheckInTest" data-provider="DataSpiceJet" finished-at="2024-08-03T12:11:53 IST" duration-ms="11259" status="PASS">
          <params>
            <param index="0">
              <value>
                <![CDATA[9042281169]]>
              </value>
            </param>
            <param index="1">
              <value>
                <![CDATA[Nethaji@28]]>
              </value>
            </param>
            <param index="2">
              <value>
                <![CDATA[valid]]>
              </value>
            </param>
            <param index="3">
              <value>
                <![CDATA[W3A4AD]]>
              </value>
            </param>
            <param index="4">
              <value>
                <![CDATA[]]>
              </value>
            </param>
            <param index="5">
              <value>
                <![CDATA[BlankEmail]]>
              </value>
            </param>
          </params>
          <reporter-output>
          </reporter-output>
        </test-method> <!-- CheckInTest -->
        <test-method is-config="true" signature="LaunchBrowser(java.lang.String,java.lang.String)[pri:0, instance:test.TC005_CheckIn@d35dea7]" started-at="2024-08-03T12:11:53 IST" name="LaunchBrowser" finished-at="2024-08-03T12:12:19 IST" duration-ms="26095" status="PASS">
          <params>
            <param index="0">
              <value>
                <![CDATA[Chrome]]>
              </value>
            </param>
            <param index="1">
              <value>
                <![CDATA[https://www.spicejet.com/]]>
              </value>
            </param>
          </params>
          <reporter-output>
          </reporter-output>
        </test-method> <!-- LaunchBrowser -->
        <test-method signature="CheckInTest(java.lang.String,java.lang.String,java.lang.String,java.lang.String,java.lang.String,java.lang.String)[pri:0, instance:test.TC005_CheckIn@d35dea7]" started-at="2024-08-03T12:12:19 IST" name="CheckInTest" data-provider="DataSpiceJet" finished-at="2024-08-03T12:12:31 IST" duration-ms="11734" status="PASS">
          <params>
            <param index="0">
              <value>
                <![CDATA[9042281169]]>
              </value>
            </param>
            <param index="1">
              <value>
                <![CDATA[Nethaji@28]]>
              </value>
            </param>
            <param index="2">
              <value>
                <![CDATA[valid]]>
              </value>
            </param>
            <param index="3">
              <value>
                <![CDATA[]]>
              </value>
            </param>
            <param index="4">
              <value>
                <![CDATA[]]>
              </value>
            </param>
            <param index="5">
              <value>
                <![CDATA[Invalid]]>
              </value>
            </param>
          </params>
          <reporter-output>
          </reporter-output>
        </test-method> <!-- CheckInTest -->
      </class> <!-- test.TC005_CheckIn -->
    </test> <!-- Test -->
  </suite> <!-- Suite -->
</testng-results>
