<?xml version="1.0" encoding="UTF-8"?>
<!-- Generated by org.testng.reporters.JUnitReportReporter -->
<testsuite hostname="DESKTOP-8G7EKM6" failures="0" tests="4" name="test.TC005_CheckIn" time="180.074" errors="0" timestamp="2024-08-03T12:12:32 IST" skipped="0">
  <testcase classname="test.TC005_CheckIn" name="CheckInTest" time="36.307"/>
  <testcase classname="test.TC005_CheckIn" name="CheckInTest" time="39.428"/>
  <testcase classname="test.TC005_CheckIn" name="CheckInTest" time="37.273"/>
  <testcase classname="test.TC005_CheckIn" name="CheckInTest" time="67.066"/>
</testsuite> <!-- test.TC005_CheckIn -->
