<?xml version="1.0" encoding="UTF-8"?>
<!-- Generated by org.testng.reporters.JUnitReportReporter -->
<testsuite hostname="DESKTOP-8G7EKM6" failures="0" tests="5" name="test.TC002_Login" time="323.732" errors="0" timestamp="2024-07-31T18:54:22 IST" skipped="0">
  <testcase classname="test.TC002_Login" name="Logintest" time="30.349"/>
  <testcase classname="test.TC002_Login" name="Logintest" time="81.267"/>
  <testcase classname="test.TC002_Login" name="Logintest" time="47.757"/>
  <testcase classname="test.TC002_Login" name="Logintest" time="103.113"/>
  <testcase classname="test.TC002_Login" name="Logintest" time="61.246"/>
</testsuite> <!-- test.TC002_Login -->
