<?xml version="1.0" encoding="UTF-8"?>
<!-- Generated by org.testng.reporters.JUnitReportReporter -->
<testsuite hostname="DESKTOP-8G7EKM6" failures="0" tests="3" name="test.TC007_ManageBookings" time="129.375" errors="0" timestamp="2024-08-03T23:00:20 IST" skipped="0">
  <testcase classname="test.TC007_ManageBookings" name="ManageBookingsTest" time="32.981"/>
  <testcase classname="test.TC007_ManageBookings" name="ViewChangeAssistTest" time="50.284"/>
  <testcase classname="test.TC007_ManageBookings" name="AddToItenaryTest" time="46.110"/>
</testsuite> <!-- test.TC007_ManageBookings -->
