<?xml version="1.0" encoding="UTF-8"?>
<!-- Generated by org.testng.reporters.JUnitReportReporter -->
<testsuite hostname="DESKTOP-8G7EKM6" failures="0" tests="4" name="test.TC006_FlightStatus" time="150.299" errors="0" timestamp="2024-08-03T10:50:10 IST" skipped="0">
  <testcase classname="test.TC006_FlightStatus" name="FlightStatusTest" time="45.870"/>
  <testcase classname="test.TC006_FlightStatus" name="FlightStatusTest" time="34.157"/>
  <testcase classname="test.TC006_FlightStatus" name="FlightStatusTest" time="35.131"/>
  <testcase classname="test.TC006_FlightStatus" name="FlightStatusTest" time="35.141"/>
</testsuite> <!-- test.TC006_FlightStatus -->
