<?xml version="1.0" encoding="UTF-8"?>
<!-- Generated by org.testng.reporters.JUnitReportReporter -->
<testsuite hostname="DESKTOP-8G7EKM6" failures="0" tests="5" name="test.TC002_Login" time="145.133" errors="0" timestamp="2024-08-05T16:01:07 IST" skipped="0">
  <testcase classname="test.TC002_Login" name="Logintest" time="29.915"/>
  <testcase classname="test.TC002_Login" name="Logintest" time="35.047"/>
  <testcase classname="test.TC002_Login" name="Logintest" time="23.312"/>
  <testcase classname="test.TC002_Login" name="Logintest" time="33.512"/>
  <testcase classname="test.TC002_Login" name="Logintest" time="23.347"/>
</testsuite> <!-- test.TC002_Login -->
