<?xml version="1.0" encoding="UTF-8"?>
<!-- Generated by org.testng.reporters.JUnitReportReporter -->
<testsuite hostname="DESKTOP-8G7EKM6" failures="0" tests="5" name="test.TC002_Login" time="161.992" errors="0" timestamp="2024-08-22T13:11:48 IST" skipped="0">
  <testcase classname="test.TC002_Login" name="Logintest" time="30.642"/>
  <testcase classname="test.TC002_Login" name="Logintest" time="31.475"/>
  <testcase classname="test.TC002_Login" name="Logintest" time="33.020"/>
  <testcase classname="test.TC002_Login" name="Logintest" time="31.478"/>
  <testcase classname="test.TC002_Login" name="Logintest" time="35.377"/>
</testsuite> <!-- test.TC002_Login -->
