<?xml version="1.0" encoding="UTF-8"?>
<!-- Generated by org.testng.reporters.JUnitReportReporter -->
<testsuite hostname="DESKTOP-8G7EKM6" failures="0" tests="4" name="test.TC004_RoundTrip" time="391.817" errors="0" timestamp="2024-08-22T13:11:48 IST" skipped="0">
  <testcase classname="test.TC004_RoundTrip" name="RoundTripTest" time="91.297"/>
  <testcase classname="test.TC004_RoundTrip" name="RoundTripTest" time="122.660"/>
  <testcase classname="test.TC004_RoundTrip" name="RoundTripTest" time="85.282"/>
  <testcase classname="test.TC004_RoundTrip" name="RoundTripTest" time="92.578"/>
</testsuite> <!-- test.TC004_RoundTrip -->
