<?xml version="1.0" encoding="UTF-8"?>
<!-- Generated by org.testng.reporters.JUnitReportReporter -->
<testsuite hostname="DESKTOP-8G7EKM6" failures="0" tests="4" name="test.TC005_CheckIn" time="132.178" errors="0" timestamp="2024-08-05T16:01:07 IST" skipped="0">
  <testcase classname="test.TC005_CheckIn" name="CheckInTest" time="32.315"/>
  <testcase classname="test.TC005_CheckIn" name="CheckInTest" time="33.128"/>
  <testcase classname="test.TC005_CheckIn" name="CheckInTest" time="32.034"/>
  <testcase classname="test.TC005_CheckIn" name="CheckInTest" time="34.701"/>
</testsuite> <!-- test.TC005_CheckIn -->
